0.0010351, 7651
4.59317, 7637
5.94782, 7627
7.85281, 7618
8.88988, 7607
9.34572, 7600
11.1749, 7592
15.2787, 7574
15.612, 7548
17.8048, 7468
19.3323, 7429
19.4807, 7428
22.5285, 7419
29.5345, 7400
44.0959, 7396
44.5366, 7395
48.8403, 7362
55.575, 7347
66.896, 7310
69.8129, 7303
83.4379, 7295
85.1054, 7284
86.5499, 7282
87.6944, 7240
92.9944, 7238
96.7171, 7231
112.303, 7218
127.241, 7208
129.235, 7201
143.932, 7172
158.84, 7155
200.476, 7146
247.313, 7141
248.511, 7133
255.846, 7118
287.876, 7117
295.079, 7108
413.349, 7103
423.161, 7073
425.705, 7057
432.966, 7030
461.242, 7029
597.432, 7024
