0.00102954, 7651
1.50305, 7634
5.32605, 7633
6.07976, 7626
8.65414, 7617
20.0019, 7603
24.6868, 7589
29.7463, 7495
29.7464, 7483
35.2936, 7467
41.308, 7455
57.799, 7438
59.4349, 7435
65.2172, 7428
65.4696, 7398
66.4733, 7395
71.6538, 7374
80.1922, 7373
88.3801, 7361
92.8081, 7332
99.8026, 7325
102.309, 7314
107.782, 7313
107.953, 7293
123.317, 7281
125.068, 7274
126.675, 7255
139.619, 7213
149.225, 7211
169.267, 7206
170.17, 7201
183.907, 7191
188.425, 7190
192.79, 7189
221.057, 7187
227.827, 7175
304.633, 7160
404.919, 7150
427.223, 7139
442.447, 7137
452.116, 7131
462.88, 7108
478.089, 7100
498.504, 7079
501.518, 7078
528.715, 7074
540.79, 7043
566.697, 6999
588.634, 6998
590.277, 6987
593.117, 6969
598.651, 6956
