0.00110025, 7651
0.258718, 7616
10.1111, 7602
13.5047, 7591
16.8984, 7582
21.06, 7570
21.9378, 7563
23.0213, 7553
23.8806, 7509
26.6658, 7493
29.9637, 7442
31.3327, 7392
32.8403, 7352
32.9107, 7334
49.0298, 7323
54.3287, 7301
60.0377, 7261
63.3796, 7260
67.0985, 7225
74.1066, 7195
76.2746, 7160
92.6273, 7149
93.5796, 7133
97.0179, 7109
98.9157, 7071
107.199, 7044
116.335, 7028
120.613, 6977
123.737, 6964
165.397, 6949
170.776, 6944
173.796, 6940
178.841, 6932
273.222, 6896
304.47, 6895
335.925, 6891
350.051, 6884
414.003, 6866
454.965, 6862
