0.00103315, 7651
0.823345, 7634
2.71865, 7627
3.56253, 7620
5.1512, 7614
8.52687, 7607
10.14, 7572
30.136, 7506
33.7445, 7495
39.4177, 7473
41.3389, 7443
43.351, 7434
46.7414, 7423
51.2275, 7419
54.6466, 7391
69.4795, 7366
77.0549, 7365
81.2016, 7350
83.7983, 7338
89.9606, 7319
151.463, 7279
173.518, 7249
183.816, 7240
191.08, 7238
207.463, 7235
224.481, 7223
332.031, 7218
406.564, 7187
410.433, 7174
414.884, 7153
416.35, 7144
437.45, 7068
442.977, 7053
461.837, 7020
471.904, 7004
534.459, 6990
