0.00111978, 7651
4.94329, 7644
6.59292, 7625
8.85203, 7611
11.5746, 7600
14.4343, 7591
15.4044, 7578
16.2915, 7573
17.7237, 7551
25.9882, 7492
27.4572, 7489
28.3462, 7482
44.1129, 7442
47.8219, 7441
51.8996, 7435
56.935, 7431
63.5548, 7420
63.6804, 7408
69.2573, 7393
70.0413, 7386
83.1226, 7379
83.1652, 7375
83.7506, 7370
88.885, 7364
207.696, 7362
229.874, 7353
286.909, 7338
319.967, 7327
330.024, 7311
363.219, 7293
365.049, 7270
367.093, 7246
372.749, 7231
400.431, 7202
406.432, 7197
418.12, 7179
437.226, 7175
448.484, 7160
451.091, 7153
458.431, 7113
460.387, 7078
477.325, 7069
497.686, 7033
502.321, 6993
512.561, 6973
514.508, 6972
532.323, 6959
534.212, 6950
580.05, 6942
