0.00105217, 7651
4.60818, 7642
7.39224, 7635
18.7252, 7622
21.6438, 7618
23.678, 7616
24.9423, 7595
30.2748, 7580
31.2188, 7573
31.3936, 7513
31.4698, 7511
36.5549, 7510
40.0237, 7494
40.367, 7463
40.4437, 7446
43.7061, 7439
53.7337, 7426
64.0724, 7417
77.8499, 7407
83.1875, 7383
83.4889, 7379
89.4404, 7376
101.244, 7366
103.56, 7358
108.949, 7357
109.851, 7343
110.18, 7330
112.821, 7314
120.521, 7285
130.951, 7274
147.613, 7265
160.363, 7242
181.241, 7197
187.423, 7193
189.904, 7188
202.151, 7180
230.671, 7144
257.89, 7131
261.547, 7118
266.696, 7109
271.084, 7076
297.07, 7066
334.081, 7064
357.92, 7057
499.124, 7049
