0.00106076, 7651
6.68189, 7650
8.32366, 7610
11.5211, 7593
12.8026, 7539
13.9412, 7534
15.6484, 7516
16.0686, 7509
18.8941, 7464
25.2868, 7454
25.3808, 7453
34.4932, 7440
38.2697, 7438
39.1458, 7437
42.5782, 7429
44.9529, 7382
53.9585, 7322
56.8355, 7280
60.1877, 7250
65.9387, 7235
70.7169, 7187
81.6636, 7182
82.5693, 7166
107.027, 7157
115.305, 7151
154.158, 7120
160.14, 7116
166.634, 7095
168.17, 7083
180.401, 7082
181.509, 7067
195.195, 7055
213.007, 7040
229.524, 6970
232.562, 6944
247.385, 6932
262.134, 6928
340.28, 6927
361.034, 6917
384.274, 6910
455.796, 6898
