0.00138903, 7651
3.37704, 7632
3.81763, 7539
6.52971, 7494
8.48827, 7459
9.12306, 7440
15.0835, 7422
21.3167, 7382
32.3024, 7372
55.3282, 7358
62.7153, 7354
64.3024, 7332
68.347, 7308
73.6028, 7306
80.0527, 7289
90.6605, 7280
114.347, 7255
120.567, 7237
121.534, 7214
129.766, 7207
129.915, 7184
134.913, 7172
138.504, 7120
138.915, 7086
147.199, 7019
149.409, 7015
158.323, 7002
163.388, 6998
163.772, 6975
169.244, 6942
177.636, 6900
223.163, 6898
230.239, 6897
235.965, 6894
240.647, 6887
242.946, 6859
248.764, 6856
275.917, 6851
279.894, 6838
287.284, 6835
339.575, 6823
366.591, 6817
503.649, 6814
