0.000356093, 24534
1.13844, 24357
1.24227, 24313
1.68625, 24251
1.90752, 23882
2.76773, 23829
3.47431, 23751
3.7002, 23656
4.264, 23644
5.35071, 23487
5.85634, 23484
6.00254, 23097
7.96147, 22795
8.04119, 22768
8.08423, 22765
8.58833, 22556
8.58837, 22507
9.58817, 22454
9.79536, 22364
11.0914, 22331
16.5884, 22305
22.3972, 22246
23.5802, 22209
23.7025, 22126
24.9473, 22116
25.3034, 22078
28.0783, 22048
28.8018, 22042
37.947, 21990
46.9702, 21883
48.4758, 21856
52.9306, 21759
55.8128, 21729
55.9152, 21691
60.4783, 21560
62.8113, 21539
67.8752, 21490
90.388, 21419
