0.000845239, 24534
0.0976743, 24301
0.194005, 24289
0.946319, 24247
1.83211, 24170
2.02515, 24126
2.29812, 23986
2.48413, 23973
2.49871, 23798
2.50609, 23700
2.59553, 23678
4.97455, 23559
9.53852, 23389
9.60499, 23287
10.0526, 23141
12.0033, 23140
22.1402, 22927
23.2327, 22923
24.9808, 22714
47.4841, 22711
51.2104, 22480
51.2387, 22336
88.1192, 22255
88.9639, 22193
89.171, 22169
89.3774, 22083
91.3556, 22047
92.6662, 22027
104.733, 22010
105.699, 21812
109.299, 21726
116.029, 21690
118.904, 21656
121.046, 21647
141.171, 21635
284.436, 21605
336.358, 21571
