0.000354877, 24534
0.421287, 24456
0.557061, 24223
0.600716, 24201
0.737501, 24136
2.35275, 23981
2.46453, 23926
2.59114, 23905
5.1752, 23872
5.37358, 23791
5.50985, 23788
5.60016, 23726
5.97776, 23517
8.432, 23438
9.91129, 23379
13.9912, 23320
14.1491, 23268
19.8426, 23261
21.8637, 23251
22.4231, 23239
25.0542, 22985
25.5187, 22822
29.6528, 22593
34.5839, 22564
38.1582, 22262
40.8671, 22226
43.7783, 22177
46.5266, 22171
57.5378, 22132
59.526, 21933
62.9796, 21869
63.8774, 21840
63.9749, 21810
73.3472, 21720
73.8012, 21613
74.2538, 21429
81.2149, 21391
