0.000357833, 24534
0.426917, 24512
0.8615, 24450
1.39116, 24406
8.84506, 24351
8.96458, 24339
10.6825, 24184
10.7345, 24181
11.2405, 24100
11.3069, 24041
11.7895, 23914
12.5862, 23802
12.6313, 23734
12.7114, 23693
13.9037, 23413
14.3292, 23302
14.9932, 23260
16.0232, 23085
17.0886, 23071
17.0963, 22993
17.3141, 22925
17.4458, 22706
21.7775, 22497
21.8813, 22489
24.9887, 22453
25.7249, 22397
26.1139, 22315
28.4247, 22266
30.569, 22245
33.0663, 22239
33.9551, 22212
34.8888, 21938
35.0503, 21827
36.0658, 21825
49.7376, 21815
50.4931, 21808
60.687, 21639
73.9688, 21556
75.515, 21526
87.4095, 21488
