0.00084505, 24534
0.254813, 24492
0.504993, 24259
0.986285, 24182
1.73122, 24169
4.75897, 24125
9.05742, 24034
9.13159, 23863
10.1351, 23799
12.6426, 23710
14.6008, 23698
14.7928, 23694
16.8833, 23628
23.424, 23504
24.7151, 23458
29.3864, 23439
39.4635, 23370
39.517, 23345
41.2605, 23220
55.6691, 23181
55.8405, 23119
71.2842, 23052
85.9041, 22868
88.6975, 22800
107.955, 22788
133.314, 22750
144.138, 22674
144.34, 22465
181.871, 22129
204.217, 22087
204.224, 22051
211.503, 22006
272.189, 21944
414.981, 21880
537.224, 21859
