0.000353998, 24534
0.101686, 24532
0.264237, 24479
1.21016, 24472
1.32338, 24467
1.93971, 24232
2.23403, 23923
3.01346, 23843
3.27499, 23789
3.92662, 23753
4.26727, 23642
4.73326, 23639
5.50531, 23610
5.66557, 23574
8.05303, 23473
8.81029, 23396
10.2415, 23154
13.0487, 23056
13.933, 22792
14.7834, 22759
15.6234, 22676
15.7783, 22598
16.9309, 22586
22.5623, 22548
31.1808, 22487
31.2477, 22334
31.5495, 22199
34.34, 22135
34.9055, 21926
35.3765, 21742
38.5142, 21721
47.406, 21663
50.2558, 21555
51.5878, 21482
53.2404, 21438
58.248, 21412
60.6619, 21305
