0.000357648, 24534
1.33155, 24505
2.07123, 24203
2.73945, 24146
3.35656, 23865
4.10743, 23756
4.2747, 23597
4.30218, 23522
4.68675, 23478
5.18221, 23476
6.51886, 23384
6.53401, 23296
6.96991, 23216
8.04824, 23103
8.77554, 23067
11.2404, 23066
12.0932, 23027
13.2971, 22847
13.6065, 22736
14.6777, 22692
14.9877, 22630
15.798, 22616
19.732, 22583
19.9758, 22556
22.2235, 22470
25.0279, 22444
26.062, 22390
27.9244, 22353
28.3815, 22324
31.5282, 22320
32.8308, 22260
34.4532, 22119
35.7582, 22076
36.4023, 21995
38.2906, 21993
40.1794, 21981
40.8183, 21965
42.3882, 21858
46.9016, 21759
46.9481, 21661
48.022, 21553
68.7168, 21501
68.8667, 21315
