0.000841296, 24534
0.298382, 24443
0.34205, 24399
0.863928, 24166
1.20268, 24129
1.37482, 24065
1.41159, 24021
2.04879, 23994
2.11498, 23952
2.5579, 23875
2.63871, 23862
4.89384, 23753
5.44945, 23496
5.60702, 23495
5.68895, 23449
6.27511, 23395
6.28252, 23309
7.72871, 23306
8.89128, 23283
20.6362, 23282
20.9116, 23263
21.5339, 23182
22.6957, 23170
25.5858, 23156
31.8443, 22913
31.9243, 22862
31.9313, 22858
32.0864, 22805
32.2927, 22649
33.995, 22440
38.6026, 22330
38.653, 22244
39.8694, 22182
47.1417, 22155
47.1489, 22032
47.4785, 21946
60.6119, 21912
77.1351, 21876
177.443, 21762
418.424, 21698
