0.000360924, 24534
2.28453, 24486
2.35904, 24277
2.38465, 24211
3.73934, 24152
3.81353, 24097
3.94854, 24055
3.98568, 23848
4.1146, 23720
4.35737, 23601
5.02767, 23519
6.16216, 23507
6.26609, 23275
6.30126, 23211
9.37922, 23137
9.51748, 23061
11.1755, 23005
11.7919, 22925
15.8062, 22863
17.9638, 22781
18.944, 22618
19.1126, 22615
19.2712, 22525
20.1125, 22480
20.8914, 22402
21.4978, 22375
21.9833, 22348
22.5636, 22342
23.2971, 22304
23.7019, 22217
25.4897, 22180
30.6745, 22099
38.4738, 21949
44.8389, 21798
46.1813, 21691
54.8921, 21670
57.3083, 21634
66.8653, 21537
92.9982, 21488
