0.00102549, 24534
0.0168904, 24490
0.0781955, 24448
0.591716, 24371
0.835985, 24367
0.95701, 24344
2.10263, 24331
2.21996, 24065
2.56346, 24034
2.79588, 23943
2.90337, 23901
2.91088, 23821
3.47426, 23799
4.3887, 23718
4.66149, 23599
6.32212, 23187
10.2483, 23086
33.7297, 23051
34.1107, 22906
34.1219, 22820
36.8501, 22808
38.1629, 22651
38.1745, 22565
38.4538, 22356
40.0942, 22352
61.5185, 22331
77.41, 22293
109.465, 22257
256.776, 22195
258.521, 22131
286.258, 22079
286.447, 21993
571.235, 21972
