0.000356237, 24534
1.14666, 24532
1.1816, 24428
1.20906, 24269
1.86917, 24192
3.42388, 24114
3.67757, 24093
3.79861, 24031
4.41523, 23946
5.15626, 23891
5.62768, 23799
5.79573, 23773
8.55312, 23640
10.4759, 23587
10.8783, 23378
12.4376, 23313
13.9067, 23271
14.1112, 23190
14.5667, 23158
15.1389, 23146
15.6837, 23013
16.1128, 22902
16.7988, 22877
19.9616, 22703
23.2513, 22689
24.4029, 22477
24.6158, 22456
29.4792, 22439
32.9504, 22345
37.0038, 22277
45.2504, 22274
47.1888, 22265
50.2537, 22213
63.8613, 22198
66.2097, 22134
69.8852, 22128
71.3741, 22040
73.1777, 21933
74.442, 21659
84.8892, 21450
